2023-02-19 19:29:51 DEBUG TelegramBot:31 - hello
2023-02-19 19:32:54 DEBUG TelegramBot:33 - /start
2023-02-19 19:32:57 DEBUG TelegramBot:33 - gt
2023-02-19 20:12:17 DEBUG UpdateProducerImpl:12 - hi
2023-02-19 20:12:41 DEBUG UpdateProducerImpl:12 - j
2023-02-19 20:12:46 ERROR UpdateController:38 - Unsupported message type is received: Update(updateId=723802069, message=null, inlineQuery=null, chosenInlineQuery=null, callbackQuery=null, editedMessage=Message(messageId=9, from=User(id=760754792, firstName=Goodhoope, isBot=false, lastName=null, userName=goodhoope, languageCode=ru, canJoinGroups=null, canReadAllGroupMessages=null, supportInlineQueries=null, isPremium=null, addedToAttachmentMenu=null), date=1676815505, chat=Chat(id=760754792, type=private, title=null, firstName=Goodhoope, lastName=null, userName=goodhoope, photo=null, description=null, inviteLink=null, pinnedMessage=null, stickerSetName=null, canSetStickerSet=null, permissions=null, slowModeDelay=null, bio=null, linkedChatId=null, location=null, messageAutoDeleteTime=null, hasPrivateForwards=null, HasProtectedContent=null, joinToSendMessages=null, joinByRequest=null), forwardFrom=null, forwardFromChat=null, forwardDate=null, text=j2, entities=null, captionEntities=null, audio=null, document=null, photo=null, sticker=null, video=null, contact=null, location=null, venue=null, animation=null, pinnedMessage=null, newChatMembers=[], leftChatMember=null, newChatTitle=null, newChatPhoto=null, deleteChatPhoto=null, groupchatCreated=null, replyToMessage=null, voice=null, caption=null, superGroupCreated=null, channelChatCreated=null, migrateToChatId=null, migrateFromChatId=null, editDate=1676815510, game=null, forwardFromMessageId=null, invoice=null, successfulPayment=null, videoNote=null, authorSignature=null, forwardSignature=null, mediaGroupId=null, connectedWebsite=null, passportData=null, forwardSenderName=null, poll=null, replyMarkup=null, dice=null, viaBot=null, senderChat=null, proximityAlertTriggered=null, messageAutoDeleteTimerChanged=null, isAutomaticForward=null, hasProtectedContent=null, webAppData=null, videoChatStarted=null, videoChatEnded=null, videoChatParticipantsInvited=null, videoChatScheduled=null), channelPost=null, editedChannelPost=null, shippingQuery=null, preCheckoutQuery=null, poll=null, pollAnswer=null, myChatMember=null, chatMember=null, chatJoinRequest=null)
2023-02-19 20:13:01 DEBUG UpdateProducerImpl:12 - 
2023-02-19 23:15:26 DEBUG UpdateProducerImpl:12 - hi
2023-02-19 23:19:50 DEBUG UpdateProducerImpl:20 - /start
2023-02-19 23:19:50 DEBUG UpdateProducerImpl:12 - /start
2023-02-19 23:19:50 DEBUG UpdateProducerImpl:12 - /start
2023-02-19 23:19:50 DEBUG UpdateProducerImpl:20 - /start
2023-02-19 23:22:03 DEBUG UpdateProducerImpl:12 - hi
2023-02-19 23:22:03 DEBUG UpdateProducerImpl:12 - hi
2023-02-19 23:22:27 DEBUG UpdateProducerImpl:20 - /start
2023-02-19 23:22:27 DEBUG UpdateProducerImpl:20 - /start
2023-02-19 23:22:33 DEBUG UpdateProducerImpl:12 - hhi
2023-02-19 23:22:33 DEBUG UpdateProducerImpl:12 - hhi
2023-02-19 23:22:33 DEBUG UpdateProducerImpl:20 - hhi
2023-02-19 23:22:33 DEBUG UpdateProducerImpl:20 - hhi
2023-02-20 19:46:10 ERROR UpdateController:38 - Unsupported message type is received: Update(updateId=723802078, message=null, inlineQuery=null, chosenInlineQuery=null, callbackQuery=null, editedMessage=null, channelPost=null, editedChannelPost=null, shippingQuery=null, preCheckoutQuery=null, poll=null, pollAnswer=null, myChatMember=ChatMemberUpdated(chat=Chat(id=760754792, type=private, title=null, firstName=Goodhoope, lastName=null, userName=goodhoope, photo=null, description=null, inviteLink=null, pinnedMessage=null, stickerSetName=null, canSetStickerSet=null, permissions=null, slowModeDelay=null, bio=null, linkedChatId=null, location=null, messageAutoDeleteTime=null, hasPrivateForwards=null, HasProtectedContent=null, joinToSendMessages=null, joinByRequest=null), from=User(id=760754792, firstName=Goodhoope, isBot=false, lastName=null, userName=goodhoope, languageCode=ru, canJoinGroups=null, canReadAllGroupMessages=null, supportInlineQueries=null, isPremium=null, addedToAttachmentMenu=null), date=1676900311, oldChatMember=ChatMemberMember(status=member, user=User(id=5938969655, firstName=ShrekBot, isBot=true, lastName=null, userName=gethoope_bot, languageCode=null, canJoinGroups=null, canReadAllGroupMessages=null, supportInlineQueries=null, isPremium=null, addedToAttachmentMenu=null)), newChatMember=ChatMemberBanned(status=kicked, user=User(id=5938969655, firstName=ShrekBot, isBot=true, lastName=null, userName=gethoope_bot, languageCode=null, canJoinGroups=null, canReadAllGroupMessages=null, supportInlineQueries=null, isPremium=null, addedToAttachmentMenu=null), untilDate=0), inviteLink=null), chatMember=null, chatJoinRequest=null)
2023-02-20 19:46:29 ERROR UpdateController:38 - Unsupported message type is received: Update(updateId=723802079, message=null, inlineQuery=null, chosenInlineQuery=null, callbackQuery=null, editedMessage=null, channelPost=null, editedChannelPost=null, shippingQuery=null, preCheckoutQuery=null, poll=null, pollAnswer=null, myChatMember=ChatMemberUpdated(chat=Chat(id=760754792, type=private, title=null, firstName=Goodhoope, lastName=null, userName=goodhoope, photo=null, description=null, inviteLink=null, pinnedMessage=null, stickerSetName=null, canSetStickerSet=null, permissions=null, slowModeDelay=null, bio=null, linkedChatId=null, location=null, messageAutoDeleteTime=null, hasPrivateForwards=null, HasProtectedContent=null, joinToSendMessages=null, joinByRequest=null), from=User(id=760754792, firstName=Goodhoope, isBot=false, lastName=null, userName=goodhoope, languageCode=ru, canJoinGroups=null, canReadAllGroupMessages=null, supportInlineQueries=null, isPremium=null, addedToAttachmentMenu=null), date=1676900330, oldChatMember=ChatMemberBanned(status=kicked, user=User(id=5938969655, firstName=ShrekBot, isBot=true, lastName=null, userName=gethoope_bot, languageCode=null, canJoinGroups=null, canReadAllGroupMessages=null, supportInlineQueries=null, isPremium=null, addedToAttachmentMenu=null), untilDate=0), newChatMember=ChatMemberMember(status=member, user=User(id=5938969655, firstName=ShrekBot, isBot=true, lastName=null, userName=gethoope_bot, languageCode=null, canJoinGroups=null, canReadAllGroupMessages=null, supportInlineQueries=null, isPremium=null, addedToAttachmentMenu=null)), inviteLink=null), chatMember=null, chatJoinRequest=null)
2023-02-20 19:46:29 DEBUG UpdateProducerImpl:20 - /start
2023-02-20 19:46:54 DEBUG UpdateProducerImpl:20 - gf
2023-02-20 20:00:38 DEBUG UpdateProducerImpl:20 - hello from chat
2023-02-20 20:01:53 DEBUG UpdateProducerImpl:20 - hello
2023-02-20 20:03:24 DEBUG UpdateProducerImpl:20 - hello
2023-02-20 20:47:55 DEBUG UpdateProducerImpl:20 - hello from chat
2023-02-20 20:47:56 ERROR TelegramBot:52 - Error executing org.telegram.telegrambots.meta.api.methods.send.SendMessage query: [401] Unauthorized
2023-02-20 20:51:23 DEBUG UpdateProducerImpl:20 - hello from chat
2023-02-20 20:51:24 ERROR TelegramBot:52 - Error executing org.telegram.telegrambots.meta.api.methods.send.SendMessage query: [401] Unauthorized
2023-02-20 20:52:26 DEBUG UpdateProducerImpl:20 - hello from chat
2023-02-20 20:52:32 ERROR TelegramBot:52 - Error executing org.telegram.telegrambots.meta.api.methods.send.SendMessage query: [401] Unauthorized
2023-02-20 20:54:08 DEBUG UpdateProducerImpl:20 - hello from chat
2023-02-20 20:54:19 ERROR TelegramBot:52 - Error executing org.telegram.telegrambots.meta.api.methods.send.SendMessage query: [401] Unauthorized
2023-02-20 20:57:03 DEBUG UpdateProducerImpl:20 - hello from chat
2023-02-20 20:57:04 ERROR TelegramBot:52 - Error executing org.telegram.telegrambots.meta.api.methods.send.SendMessage query: [401] Unauthorized
2023-02-20 20:57:45 DEBUG UpdateProducerImpl:20 - hello from chat
2023-02-20 20:57:45 ERROR TelegramBot:52 - Error executing org.telegram.telegrambots.meta.api.methods.send.SendMessage query: [401] Unauthorized
2023-02-20 22:42:03 DEBUG UpdateProducerImpl:20 - /start
2023-02-20 22:42:03 ERROR TelegramBot:52 - Error executing org.telegram.telegrambots.meta.api.methods.send.SendMessage query: [401] Unauthorized
2023-02-20 22:42:14 DEBUG UpdateProducerImpl:20 - hi
2023-02-20 22:42:23 DEBUG UpdateProducerImpl:20 - lolo
2023-02-20 22:43:17 ERROR TelegramBot:52 - Error executing org.telegram.telegrambots.meta.api.methods.send.SendMessage query: [401] Unauthorized
2023-02-20 22:44:18 DEBUG UpdateProducerImpl:20 - jojo
2023-02-20 22:44:18 ERROR TelegramBot:52 - Error executing org.telegram.telegrambots.meta.api.methods.send.SendMessage query: [401] Unauthorized
2023-02-20 22:44:35 DEBUG UpdateProducerImpl:20 - /start
2023-02-20 22:45:32 DEBUG UpdateProducerImpl:20 - start
2023-02-20 22:45:33 ERROR TelegramBot:52 - Error executing org.telegram.telegrambots.meta.api.methods.send.SendMessage query: [401] Unauthorized
2023-02-20 22:45:43 DEBUG UpdateProducerImpl:20 - fofo
2023-02-20 22:48:19 DEBUG UpdateProducerImpl:20 - Hello bro
2023-02-20 22:48:20 ERROR TelegramBot:52 - Error executing org.telegram.telegrambots.meta.api.methods.send.SendMessage query: [401] Unauthorized
2023-02-20 22:52:07 DEBUG UpdateProducerImpl:20 - hu
2023-02-20 22:52:08 ERROR TelegramBot:52 - Error executing org.telegram.telegrambots.meta.api.methods.send.SendMessage query: [401] Unauthorized
2023-02-20 22:54:46 DEBUG UpdateProducerImpl:20 - yes
2023-02-20 22:54:47 ERROR TelegramBot:52 - Error executing org.telegram.telegrambots.meta.api.methods.send.SendMessage query: [401] Unauthorized
2023-02-20 23:00:25 DEBUG UpdateProducerImpl:20 - dfhgjh\
2023-02-20 23:00:25 ERROR TelegramBot:52 - Error executing org.telegram.telegrambots.meta.api.methods.send.SendMessage query: [401] Unauthorized
2023-02-20 23:01:00 DEBUG UpdateProducerImpl:20 - nk
2023-02-20 23:01:00 ERROR TelegramBot:52 - Error executing org.telegram.telegrambots.meta.api.methods.send.SendMessage query: [401] Unauthorized
2023-02-20 23:02:20 DEBUG UpdateProducerImpl:20 - n
2023-02-20 23:02:22 ERROR TelegramBot:52 - Error executing org.telegram.telegrambots.meta.api.methods.send.SendMessage query: [401] Unauthorized
2023-02-20 23:09:44 ERROR TelegramBot:52 - Error executing org.telegram.telegrambots.meta.api.methods.send.SendMessage query: [401] Unauthorized
2023-02-20 23:12:01 DEBUG UpdateProducerImpl:21 - j
2023-02-20 23:12:02 ERROR TelegramBot:52 - Error executing org.telegram.telegrambots.meta.api.methods.send.SendMessage query: [401] Unauthorized
2023-02-20 23:12:38 DEBUG UpdateProducerImpl:21 - bn
2023-02-20 23:12:39 ERROR TelegramBot:52 - Error executing org.telegram.telegrambots.meta.api.methods.send.SendMessage query: [401] Unauthorized
2023-02-20 23:13:22 DEBUG UpdateProducerImpl:21 - m
2023-02-20 23:14:46 DEBUG UpdateProducerImpl:21 - n
2023-02-20 23:14:47 ERROR TelegramBot:52 - Error executing org.telegram.telegrambots.meta.api.methods.send.SendMessage query: [401] Unauthorized
2023-02-20 23:15:03 DEBUG UpdateProducerImpl:21 - m
2023-02-20 23:15:03 ERROR TelegramBot:52 - Error executing org.telegram.telegrambots.meta.api.methods.send.SendMessage query: [401] Unauthorized
2023-02-20 23:15:52 DEBUG UpdateProducerImpl:21 - k
2023-02-20 23:16:00 DEBUG UpdateProducerImpl:21 - m
2023-02-20 23:16:00 ERROR TelegramBot:52 - Error executing org.telegram.telegrambots.meta.api.methods.send.SendMessage query: [401] Unauthorized
2023-02-20 23:16:03 DEBUG UpdateProducerImpl:21 - wr
2023-02-20 23:16:59 DEBUG UpdateProducerImpl:21 - e
2023-02-20 23:16:59 ERROR TelegramBot:52 - Error executing org.telegram.telegrambots.meta.api.methods.send.SendMessage query: [401] Unauthorized
2023-02-20 23:17:21 DEBUG UpdateProducerImpl:21 - f
2023-02-20 23:17:22 ERROR TelegramBot:52 - Error executing org.telegram.telegrambots.meta.api.methods.send.SendMessage query: [401] Unauthorized
2023-02-20 23:17:28 DEBUG UpdateProducerImpl:21 - sfg
2023-02-20 23:17:31 DEBUG UpdateProducerImpl:21 - sfdg
2023-02-20 23:17:32 ERROR TelegramBot:52 - Error executing org.telegram.telegrambots.meta.api.methods.send.SendMessage query: [401] Unauthorized
2023-02-20 23:17:33 DEBUG UpdateProducerImpl:21 - sfdg
2023-02-20 23:17:34 DEBUG UpdateProducerImpl:21 - dfg
2023-02-20 23:17:34 ERROR TelegramBot:52 - Error executing org.telegram.telegrambots.meta.api.methods.send.SendMessage query: [401] Unauthorized
2023-02-20 23:17:36 DEBUG UpdateProducerImpl:21 - dfg
2023-02-20 23:17:38 DEBUG UpdateProducerImpl:21 - df
2023-02-20 23:17:38 ERROR TelegramBot:52 - Error executing org.telegram.telegrambots.meta.api.methods.send.SendMessage query: [401] Unauthorized
2023-02-20 23:17:40 DEBUG UpdateProducerImpl:21 - sdf
2023-02-20 23:18:13 DEBUG UpdateProducerImpl:21 - n
2023-02-20 23:18:13 ERROR TelegramBot:52 - Error executing org.telegram.telegrambots.meta.api.methods.send.SendMessage query: [401] Unauthorized
2023-02-20 23:18:17 DEBUG UpdateProducerImpl:21 - l
2023-02-20 23:18:34 DEBUG UpdateProducerImpl:21 - n
2023-02-20 23:18:34 ERROR TelegramBot:52 - Error executing org.telegram.telegrambots.meta.api.methods.send.SendMessage query: [401] Unauthorized
2023-02-20 23:18:49 DEBUG UpdateProducerImpl:21 - ,
2023-02-20 23:27:00 DEBUG UpdateProducerImpl:21 - m
2023-02-20 23:27:00 ERROR TelegramBot:52 - Error executing org.telegram.telegrambots.meta.api.methods.send.SendMessage query: [401] Unauthorized
2023-02-20 23:27:24 DEBUG UpdateProducerImpl:21 - ghntjmyk,umyjnthbgvf
2023-02-21 17:28:32 DEBUG UpdateProducerImpl:21 - hi
2023-02-21 17:28:43 DEBUG UpdateProducerImpl:21 - yo bro
2023-02-21 17:28:46 DEBUG UpdateProducerImpl:21 - hi
2023-02-21 18:21:18 DEBUG UpdateProducerImpl:21 - sardar
2023-02-21 19:29:03 DEBUG UpdateProducerImpl:21 - 
2023-02-21 19:29:26 DEBUG UpdateProducerImpl:21 - 
2023-02-21 19:36:54 DEBUG UpdateProducerImpl:21 - 
2023-02-21 19:38:10 DEBUG UpdateProducerImpl:21 - 
2023-02-21 19:38:41 DEBUG UpdateProducerImpl:21 - 
2023-02-21 19:39:41 DEBUG UpdateProducerImpl:21 - 
2023-02-21 19:41:34 DEBUG UpdateProducerImpl:21 - 
2023-02-21 19:42:18 DEBUG UpdateProducerImpl:21 - 
2023-02-21 19:58:01 DEBUG UpdateProducerImpl:21 - n
2023-02-21 19:58:19 ERROR TelegramBot:52 - Error executing org.telegram.telegrambots.meta.api.methods.send.SendMessage query: [401] Unauthorized
2023-02-21 19:59:07 DEBUG UpdateProducerImpl:21 - hi
2023-02-21 19:59:08 ERROR TelegramBot:52 - Error executing org.telegram.telegrambots.meta.api.methods.send.SendMessage query: [401] Unauthorized
2023-02-21 19:59:10 DEBUG UpdateProducerImpl:21 - hi
2023-02-21 19:59:10 ERROR TelegramBot:52 - Error executing org.telegram.telegrambots.meta.api.methods.send.SendMessage query: [401] Unauthorized
2023-02-21 19:59:24 DEBUG UpdateProducerImpl:21 - hi
2023-02-21 20:03:35 DEBUG UpdateProducerImpl:21 - j
2023-02-21 20:03:45 DEBUG UpdateProducerImpl:21 - hi
2023-02-21 20:04:36 DEBUG UpdateProducerImpl:21 - 
2023-02-21 20:04:48 DEBUG UpdateProducerImpl:21 - m
2023-02-21 20:05:31 DEBUG UpdateProducerImpl:21 - /start
2023-02-21 20:05:34 DEBUG UpdateProducerImpl:21 - /help
2023-02-21 20:05:39 DEBUG UpdateProducerImpl:21 - sadg
2023-02-21 20:06:49 DEBUG UpdateProducerImpl:21 - 
2023-02-21 21:07:02 DEBUG UpdateProducerImpl:21 - hi
2023-02-21 21:07:07 DEBUG UpdateProducerImpl:21 - 
2023-02-21 21:13:48 DEBUG UpdateProducerImpl:21 - 
2023-02-21 21:22:21 DEBUG UpdateProducerImpl:21 - 
2023-02-21 21:39:23 DEBUG UpdateProducerImpl:21 - 
2023-02-22 23:31:20 DEBUG UpdateProducerImpl:21 - /start
2023-02-22 23:31:43 DEBUG UpdateProducerImpl:21 - 
2023-02-22 23:32:24 DEBUG UpdateProducerImpl:21 - 
2023-02-25 17:56:07 DEBUG UpdateProducerImpl:21 - 
2023-02-25 17:56:26 DEBUG UpdateProducerImpl:21 - /help
2023-02-25 17:56:28 DEBUG UpdateProducerImpl:21 - /registration
2023-02-25 17:57:21 DEBUG UpdateProducerImpl:21 - ideagood751@gmail.com
2023-02-25 17:57:36 DEBUG UpdateProducerImpl:21 - dsfgb
2023-02-25 17:57:44 DEBUG UpdateProducerImpl:21 - ideagood751@gmail.com
2023-02-25 18:00:47 DEBUG UpdateProducerImpl:21 - /help
2023-02-25 18:00:49 DEBUG UpdateProducerImpl:21 - /registration
2023-02-25 18:01:17 DEBUG UpdateProducerImpl:21 - /registration
2023-02-25 18:01:28 DEBUG UpdateProducerImpl:21 - ideagood751@gmail.com
2023-02-25 18:03:00 DEBUG UpdateProducerImpl:21 - /help
2023-02-25 18:03:03 DEBUG UpdateProducerImpl:21 - /registration
2023-02-25 18:03:21 DEBUG UpdateProducerImpl:21 - ideagood751@gmail.com
2023-02-25 18:03:59 DEBUG UpdateProducerImpl:21 - /registration
2023-02-25 18:04:02 DEBUG UpdateProducerImpl:21 - goodstravel00@gmail.com
2023-02-25 18:09:26 DEBUG UpdateProducerImpl:21 - goodstravel00@gmail.com
2023-02-25 18:14:27 DEBUG UpdateProducerImpl:21 - /help
2023-02-25 18:14:38 DEBUG UpdateProducerImpl:21 - /registration
2023-02-25 18:15:09 DEBUG UpdateProducerImpl:21 - /registration
2023-02-25 18:16:00 DEBUG UpdateProducerImpl:21 - goodstravel00@gmail.com
2023-02-25 18:17:49 DEBUG UpdateProducerImpl:21 - goodstravel00@gmail.com
2023-02-25 18:18:55 DEBUG UpdateProducerImpl:21 - /registration
2023-02-25 18:19:17 DEBUG UpdateProducerImpl:21 - goodstravel00@gmail.com
2023-02-25 18:29:19 DEBUG UpdateProducerImpl:21 - /registration
2023-02-25 18:29:32 DEBUG UpdateProducerImpl:21 - goodstravel00@gmail.com
2023-02-25 18:31:15 DEBUG UpdateProducerImpl:21 - /registration
2023-02-25 18:31:59 DEBUG UpdateProducerImpl:21 - /registration
2023-02-25 18:32:05 DEBUG UpdateProducerImpl:21 - goodstravel00@gmail.com
2023-02-25 18:36:01 DEBUG UpdateProducerImpl:21 - /registration
2023-02-25 18:36:07 DEBUG UpdateProducerImpl:21 - goodstravel00@gmail.com
2023-02-25 18:37:13 DEBUG UpdateProducerImpl:21 - /
2023-02-25 18:37:17 DEBUG UpdateProducerImpl:21 - /registration
2023-02-25 18:37:45 DEBUG UpdateProducerImpl:21 - /registration
2023-02-25 18:37:50 DEBUG UpdateProducerImpl:21 - goodstravel00@gmail.com
2023-02-25 18:39:20 DEBUG UpdateProducerImpl:21 - /registration
2023-02-25 18:39:22 DEBUG UpdateProducerImpl:21 - sdfdgbrhtn
2023-02-25 18:39:29 DEBUG UpdateProducerImpl:21 - goodstravel00@gmail.com
2023-02-25 18:43:46 DEBUG UpdateProducerImpl:21 - /registration
2023-02-25 18:43:56 DEBUG UpdateProducerImpl:21 - goodstravel00@gmail.com
2023-02-25 20:02:32 DEBUG UpdateProducerImpl:21 - /registration
2023-02-25 20:03:38 DEBUG UpdateProducerImpl:21 - timadar997@wiroute.com
2023-02-25 20:05:16 DEBUG UpdateProducerImpl:21 - 
2023-02-25 20:05:50 DEBUG UpdateProducerImpl:21 - /registration
2023-02-25 20:05:53 DEBUG UpdateProducerImpl:21 - timadar997@wiroute.com
2023-02-25 20:09:55 DEBUG UpdateProducerImpl:21 - /registration
2023-02-25 20:10:06 DEBUG UpdateProducerImpl:21 - hatoga9786@wwgoc.com
2023-02-25 20:16:05 DEBUG UpdateProducerImpl:21 - /registration
2023-02-25 20:16:25 DEBUG UpdateProducerImpl:21 - hatoga9786@wwgoc.com
2023-02-25 20:18:06 DEBUG UpdateProducerImpl:21 - 
2023-02-25 20:42:47 ERROR TelegramBot:39 - Error executing org.telegram.telegrambots.meta.api.methods.updates.SetWebhook query: [404] Not Found
2023-02-25 20:44:03 ERROR TelegramBot:39 - Error executing org.telegram.telegrambots.meta.api.methods.updates.SetWebhook query: [404] Not Found
2023-02-25 20:44:15 ERROR TelegramBot:39 - Error executing org.telegram.telegrambots.meta.api.methods.updates.SetWebhook query: [404] Not Found
2023-02-25 20:45:17 ERROR TelegramBot:39 - Error executing org.telegram.telegrambots.meta.api.methods.updates.SetWebhook query: [404] Not Found
2023-02-25 20:48:31 ERROR TelegramBot:39 - Error executing org.telegram.telegrambots.meta.api.methods.updates.SetWebhook query: [404] Not Found
2023-02-25 20:49:53 DEBUG UpdateProducerImpl:21 - fgh
2023-02-25 20:49:54 DEBUG UpdateProducerImpl:21 - hj
